<?xml version="1.0" encoding="UTF-8"?>
<!-- Generated by org.testng.reporters.JUnitXMLReporter -->
<testsuite ignored="0" hostname="DESKTOP-3D6O28J" failures="0" tests="3" name="Lab4 on IE" time="266.163" errors="0" timestamp="2025-08-19T13:37:56 IST">
  <testcase classname="selenium_java.Lab_8_1" name="@BeforeClass setup" time="113.432">
    <failure type="io.github.bonigarcia.wdm.config.WebDriverManagerException" message="io.github.bonigarcia.wdm.config.WebDriverManagerException: io.github.bonigarcia.wdm.config.WebDriverManagerException: java.net.SocketException: Connection reset">
      <![CDATA[io.github.bonigarcia.wdm.config.WebDriverManagerException: io.github.bonigarcia.wdm.config.WebDriverManagerException: io.github.bonigarcia.wdm.config.WebDriverManagerException: java.net.SocketException: Connection reset
at io.github.bonigarcia.wdm.WebDriverManager.handleException(WebDriverManager.java:1447)
at io.github.bonigarcia.wdm.WebDriverManager.manage(WebDriverManager.java:1210)
at io.github.bonigarcia.wdm.WebDriverManager.fallback(WebDriverManager.java:1463)
at io.github.bonigarcia.wdm.WebDriverManager.handleException(WebDriverManager.java:1441)
at io.github.bonigarcia.wdm.WebDriverManager.manage(WebDriverManager.java:1210)
at io.github.bonigarcia.wdm.WebDriverManager.setup(WebDriverManager.java:429)
at selenium_java.Lab_8_1.setup(Lab_8_1.java:36)
at java.base/java.util.ArrayList.forEach(ArrayList.java:1511)
at java.base/java.util.concurrent.FutureTask.run(FutureTask.java:264)
at java.base/java.util.concurrent.ThreadPoolExecutor.runWorker(ThreadPoolExecutor.java:1136)
at java.base/java.util.concurrent.ThreadPoolExecutor$Worker.run(ThreadPoolExecutor.java:635)
at java.base/java.lang.Thread.run(Thread.java:842)
Caused by: io.github.bonigarcia.wdm.config.WebDriverManagerException: io.github.bonigarcia.wdm.config.WebDriverManagerException: java.net.SocketException: Connection reset
at io.github.bonigarcia.wdm.managers.EdgeDriverManager.getDriversFromXml(EdgeDriverManager.java:308)
at io.github.bonigarcia.wdm.managers.EdgeDriverManager.getDriverUrls(EdgeDriverManager.java:138)
at io.github.bonigarcia.wdm.WebDriverManager.createUrlHandler(WebDriverManager.java:1468)
at io.github.bonigarcia.wdm.WebDriverManager.download(WebDriverManager.java:1298)
at io.github.bonigarcia.wdm.WebDriverManager.manage(WebDriverManager.java:1204)
... 25 more
Caused by: io.github.bonigarcia.wdm.config.WebDriverManagerException: java.net.SocketException: Connection reset
at io.github.bonigarcia.wdm.managers.EdgeDriverManager.getDriversFromXml(EdgeDriverManager.java:308)
at io.github.bonigarcia.wdm.managers.EdgeDriverManager.getDriversFromXml(EdgeDriverManager.java:295)
... 29 more
Caused by: java.net.SocketException: Connection reset
at java.base/sun.nio.ch.NioSocketImpl.implRead(NioSocketImpl.java:328)
at java.base/sun.nio.ch.NioSocketImpl.read(NioSocketImpl.java:355)
at java.base/sun.nio.ch.NioSocketImpl$1.read(NioSocketImpl.java:808)
at java.base/java.net.Socket$SocketInputStream.read(Socket.java:966)
at java.base/sun.security.ssl.SSLSocketInputRecord.read(SSLSocketInputRecord.java:484)
at java.base/sun.security.ssl.SSLSocketInputRecord.readHeader(SSLSocketInputRecord.java:478)
at java.base/sun.security.ssl.SSLSocketInputRecord.bytesInCompletePacket(SSLSocketInputRecord.java:70)
at java.base/sun.security.ssl.SSLSocketImpl.readApplicationRecord(SSLSocketImpl.java:1461)
at java.base/sun.security.ssl.SSLSocketImpl$AppInputStream.read(SSLSocketImpl.java:1065)
at org.apache.hc.core5.http.impl.io.SessionInputBufferImpl.fillBuffer(SessionInputBufferImpl.java:149)
at org.apache.hc.core5.http.impl.io.SessionInputBufferImpl.readLine(SessionInputBufferImpl.java:280)
at org.apache.hc.core5.http.impl.io.ChunkedInputStream.getChunkSize(ChunkedInputStream.java:262)
at org.apache.hc.core5.http.impl.io.ChunkedInputStream.nextChunk(ChunkedInputStream.java:223)
at org.apache.hc.core5.http.impl.io.ChunkedInputStream.read(ChunkedInputStream.java:184)
at org.apache.hc.core5.http.io.EofSensorInputStream.read(EofSensorInputStream.java:138)
at org.apache.hc.core5.http.io.EofSensorInputStream.read(EofSensorInputStream.java:151)
at org.apache.commons.io.IOUtils.copyLarge(IOUtils.java:1483)
at org.apache.commons.io.IOUtils.copy(IOUtils.java:1107)
at org.apache.commons.io.IOUtils.copyLarge(IOUtils.java:1456)
at org.apache.commons.io.IOUtils.copy(IOUtils.java:1085)
at org.apache.commons.io.IOUtils.toByteArray(IOUtils.java:2702)
at io.github.bonigarcia.wdm.WebDriverManager.loadXML(WebDriverManager.java:1609)
at io.github.bonigarcia.wdm.managers.EdgeDriverManager.getDriversFromXml(EdgeDriverManager.java:268)
... 30 more
Suppressed: javax.net.ssl.SSLException: Connection has closed: javax.net.ssl.SSLException: Connection reset
at java.base/sun.security.ssl.SSLSocketImpl$AppInputStream.checkEOF(SSLSocketImpl.java:1159)
at java.base/sun.security.ssl.SSLSocketImpl$AppInputStream.read(SSLSocketImpl.java:1004)
at org.apache.hc.core5.http.impl.io.SessionInputBufferImpl.fillBuffer(SessionInputBufferImpl.java:149)
at org.apache.hc.core5.http.impl.io.SessionInputBufferImpl.readLine(SessionInputBufferImpl.java:280)
at org.apache.hc.core5.http.impl.io.ChunkedInputStream.getChunkSize(ChunkedInputStream.java:262)
at org.apache.hc.core5.http.impl.io.ChunkedInputStream.nextChunk(ChunkedInputStream.java:223)
at org.apache.hc.core5.http.impl.io.ChunkedInputStream.read(ChunkedInputStream.java:147)
at org.apache.hc.core5.http.impl.io.ChunkedInputStream.close(ChunkedInputStream.java:315)
at org.apache.hc.core5.io.Closer.close(Closer.java:48)
at org.apache.hc.core5.http.impl.io.IncomingHttpEntity.close(IncomingHttpEntity.java:111)
at org.apache.hc.core5.http.io.entity.HttpEntityWrapper.close(HttpEntityWrapper.java:120)
at org.apache.hc.client5.http.impl.classic.ResponseEntityProxy.close(ResponseEntityProxy.java:180)
at org.apache.hc.core5.io.Closer.close(Closer.java:48)
at org.apache.hc.core5.http.message.BasicClassicHttpResponse.close(BasicClassicHttpResponse.java:93)
at org.apache.hc.client5.http.impl.classic.CloseableHttpResponse.doClose(CloseableHttpResponse.java:207)
at org.apache.hc.client5.http.impl.classic.CloseableHttpResponse.close(CloseableHttpResponse.java:228)
at io.github.bonigarcia.wdm.managers.EdgeDriverManager.getDriversFromXml(EdgeDriverManager.java:266)
... 30 more
Caused by: javax.net.ssl.SSLException: Connection reset
at java.base/sun.security.ssl.Alert.createSSLException(Alert.java:127)
at java.base/sun.security.ssl.TransportContext.fatal(TransportContext.java:378)
at java.base/sun.security.ssl.TransportContext.fatal(TransportContext.java:321)
at java.base/sun.security.ssl.TransportContext.fatal(TransportContext.java:316)
at java.base/sun.security.ssl.SSLSocketImpl.handleException(SSLSocketImpl.java:1700)
at java.base/sun.security.ssl.SSLSocketImpl$AppInputStream.read(SSLSocketImpl.java:1081)
at org.apache.hc.core5.http.impl.io.SessionInputBufferImpl.fillBuffer(SessionInputBufferImpl.java:149)
at org.apache.hc.core5.http.impl.io.SessionInputBufferImpl.readLine(SessionInputBufferImpl.java:280)
at org.apache.hc.core5.http.impl.io.ChunkedInputStream.getChunkSize(ChunkedInputStream.java:262)
at org.apache.hc.core5.http.impl.io.ChunkedInputStream.nextChunk(ChunkedInputStream.java:223)
at org.apache.hc.core5.http.impl.io.ChunkedInputStream.read(ChunkedInputStream.java:184)
at org.apache.hc.core5.http.io.EofSensorInputStream.read(EofSensorInputStream.java:138)
at org.apache.hc.core5.http.io.EofSensorInputStream.read(EofSensorInputStream.java:151)
at org.apache.commons.io.IOUtils.copyLarge(IOUtils.java:1483)
at org.apache.commons.io.IOUtils.copy(IOUtils.java:1107)
at org.apache.commons.io.IOUtils.copyLarge(IOUtils.java:1456)
at org.apache.commons.io.IOUtils.copy(IOUtils.java:1085)
at org.apache.commons.io.IOUtils.toByteArray(IOUtils.java:2702)
at io.github.bonigarcia.wdm.WebDriverManager.loadXML(WebDriverManager.java:1609)
at io.github.bonigarcia.wdm.managers.EdgeDriverManager.getDriversFromXml(EdgeDriverManager.java:268)
... 30 more
Suppressed: java.net.SocketException: Connection reset by peer
at java.base/sun.nio.ch.NioSocketImpl.implWrite(NioSocketImpl.java:425)
at java.base/sun.nio.ch.NioSocketImpl.write(NioSocketImpl.java:445)
at java.base/sun.nio.ch.NioSocketImpl$2.write(NioSocketImpl.java:831)
at java.base/java.net.Socket$SocketOutputStream.write(Socket.java:1035)
at java.base/sun.security.ssl.SSLSocketOutputRecord.encodeAlert(SSLSocketOutputRecord.java:81)
at java.base/sun.security.ssl.TransportContext.fatal(TransportContext.java:414)
... 48 more
Caused by: [CIRCULAR REFERENCE: java.net.SocketException: Connection reset]
... Removed 15 stack frames]]>
    </failure>
  </testcase> <!-- @BeforeClass setup -->
  <testcase classname="selenium_java.Lab_8_1" name="@AfterClass tearDown" time="0.0">
    <skipped/>
  </testcase> <!-- @AfterClass tearDown -->
  <testcase classname="selenium_java.Lab_8_2" name="verifyTitle" time="0.0">
    <skipped/>
  </testcase> <!-- verifyTitle -->
  <testcase classname="selenium_java.Lab_8_2" name="desktopMacFlow" time="0.0">
    <skipped/>
  </testcase> <!-- desktopMacFlow -->
  <testcase classname="selenium_java.Lab_8_2" name="searchFlow" time="0.0">
    <skipped/>
  </testcase> <!-- searchFlow -->
</testsuite> <!-- Lab4 on IE -->
