<?xml version="1.0" encoding="UTF-8"?>
<!-- Generated by org.testng.reporters.JUnitXMLReporter -->
<testsuite ignored="0" hostname="DESKTOP-3D6O28J" failures="0" tests="3" name="Lab4 on Edge" time="118.136" errors="0" timestamp="2025-08-19T13:36:25 IST">
  <testcase classname="selenium_java.Lab_8_2" name="verifyTitle" time="0.0">
    <skipped/>
  </testcase> <!-- verifyTitle -->
  <testcase classname="selenium_java.Lab_8_2" name="desktopMacFlow" time="0.0">
    <skipped/>
  </testcase> <!-- desktopMacFlow -->
  <testcase classname="selenium_java.Lab_8_2" name="searchFlow" time="0.0">
    <skipped/>
  </testcase> <!-- searchFlow -->
</testsuite> <!-- Lab4 on Edge -->
