<?xml version="1.0" encoding="UTF-8"?>
<!-- Generated by org.testng.reporters.JUnitXMLReporter -->
<testsuite ignored="0" hostname="DESKTOP-3D6O28J" failures="0" tests="3" name="Default test" time="161.825" errors="0" timestamp="2025-08-19T11:18:08 IST">
  <testcase classname="selenium_java.TC001" name="test2" time="105.832"/>
  <testcase classname="selenium_java.TC001" name="test3" time="3.424"/>
  <testcase classname="selenium_java.TC001" name="test1" time="52.46"/>
</testsuite> <!-- Default test -->
